execve("./modern/flcopy", ["./modern/flcopy", "-d", "/dev/null"], 0x7ffdb7bbd0a0 /* 60 vars */) = 0
brk(NULL)                               = 0x55e13b832000
mmap(NULL, 8192, PROT_READ|PROT_WRITE, MAP_PRIVATE|MAP_ANONYMOUS, -1, 0) = 0x7ff79e8a5000
access("/etc/ld.so.preload", R_OK)      = -1 ENOENT (No such file or directory)
openat(AT_FDCWD, "/etc/ld.so.cache", O_RDONLY|O_CLOEXEC) = 3
fstat(3, {st_mode=S_IFREG|0644, st_size=31151, ...}) = 0
mmap(NULL, 31151, PROT_READ, MAP_PRIVATE, 3, 0) = 0x7ff79e89d000
close(3)                                = 0
openat(AT_FDCWD, "/lib/x86_64-linux-gnu/libc.so.6", O_RDONLY|O_CLOEXEC) = 3
read(3, "\177ELF\2\1\1\3\0\0\0\0\0\0\0\0\3\0>\0\1\0\0\0\220\243\2\0\0\0\0\0"..., 832) = 832
pread64(3, "\6\0\0\0\4\0\0\0@\0\0\0\0\0\0\0@\0\0\0\0\0\0\0@\0\0\0\0\0\0\0"..., 784, 64) = 784
fstat(3, {st_mode=S_IFREG|0755, st_size=2125328, ...}) = 0
pread64(3, "\6\0\0\0\4\0\0\0@\0\0\0\0\0\0\0@\0\0\0\0\0\0\0@\0\0\0\0\0\0\0"..., 784, 64) = 784
mmap(NULL, 2170256, PROT_READ, MAP_PRIVATE|MAP_DENYWRITE, 3, 0) = 0x7ff79e68b000
mmap(0x7ff79e6b3000, 1605632, PROT_READ|PROT_EXEC, MAP_PRIVATE|MAP_FIXED|MAP_DENYWRITE, 3, 0x28000) = 0x7ff79e6b3000
mmap(0x7ff79e83b000, 323584, PROT_READ, MAP_PRIVATE|MAP_FIXED|MAP_DENYWRITE, 3, 0x1b0000) = 0x7ff79e83b000
mmap(0x7ff79e88a000, 24576, PROT_READ|PROT_WRITE, MAP_PRIVATE|MAP_FIXED|MAP_DENYWRITE, 3, 0x1fe000) = 0x7ff79e88a000
mmap(0x7ff79e890000, 52624, PROT_READ|PROT_WRITE, MAP_PRIVATE|MAP_FIXED|MAP_ANONYMOUS, -1, 0) = 0x7ff79e890000
close(3)                                = 0
mmap(NULL, 12288, PROT_READ|PROT_WRITE, MAP_PRIVATE|MAP_ANONYMOUS, -1, 0) = 0x7ff79e688000
arch_prctl(ARCH_SET_FS, 0x7ff79e688740) = 0
set_tid_address(0x7ff79e688a10)         = 6118
set_robust_list(0x7ff79e688a20, 24)     = 0
rseq(0x7ff79e689060, 0x20, 0, 0x53053053) = 0
mprotect(0x7ff79e88a000, 16384, PROT_READ) = 0
mprotect(0x55e12eea3000, 4096, PROT_READ) = 0
mprotect(0x7ff79e8e3000, 8192, PROT_READ) = 0
prlimit64(0, RLIMIT_STACK, NULL, {rlim_cur=8192*1024, rlim_max=RLIM64_INFINITY}) = 0
munmap(0x7ff79e89d000, 31151)           = 0
creat("floppy", 0666)                   = 3
close(3)                                = 0
openat(AT_FDCWD, "floppy", O_RDWR)      = 3
openat(AT_FDCWD, "/dev/null", O_RDWR)   = 4
lseek(4, 2560, SEEK_SET)                = 0
read(4, "", 128)                        = 0
dup(2)                                  = 5
fcntl(5, F_GETFL)                       = 0x8402 (flags O_RDWR|O_APPEND|O_LARGEFILE)
getrandom("\x6e\x5e\x30\x23\x03\x6e\x15\xad", 8, GRND_NONBLOCK) = 8
brk(NULL)                               = 0x55e13b832000
brk(0x55e13b853000)                     = 0x55e13b853000
fstat(5, {st_mode=S_IFCHR|0600, st_rdev=makedev(0x88, 0), ...}) = 0
write(5, "floppy read: Success\n", 21)  = 21
close(5)                                = 0
exit_group(1)                           = ?
+++ exited with 1 +++
