SYS_brk(0)                                                                     = 0x55fbaabec000
SYS_mmap(0, 8192, 3, 34)                                                       = 0x7f7be6e95000
SYS_access("/etc/ld.so.preload", 04)                                           = -2
SYS_openat(0xffffff9c, 0x7f7be6ecb38f, 0x80000, 0)                             = 3
SYS_fstat(3, 0x7ffc1698cf70)                                                   = 0
SYS_mmap(0, 0x79af, 1, 2)                                                      = 0x7f7be6e8d000
SYS_close(3)                                                                   = 0
SYS_openat(0xffffff9c, 0x7f7be6e95140, 0x80000, 0)                             = 3
SYS_read(3, "\177ELF\002\001\001\003", 832)                                    = 832
SYS_pread(3, 0x7ffc1698cdc0, 784, 64)                                          = 784
SYS_fstat(3, 0x7ffc1698d040)                                                   = 0
SYS_pread(3, 0x7ffc1698cc90, 784, 64)                                          = 784
SYS_mmap(0, 0x211d90, 1, 2050)                                                 = 0x7f7be6c7b000
SYS_mmap(0x7f7be6ca3000, 0x188000, 5, 2066)                                    = 0x7f7be6ca3000
SYS_mmap(0x7f7be6e2b000, 0x4f000, 1, 2066)                                     = 0x7f7be6e2b000
SYS_mmap(0x7f7be6e7a000, 0x6000, 3, 2066)                                      = 0x7f7be6e7a000
SYS_mmap(0x7f7be6e80000, 0xcd90, 3, 50)                                        = 0x7f7be6e80000
SYS_close(3)                                                                   = 0
SYS_mmap(0, 0x3000, 3, 34)                                                     = 0x7f7be6c78000
SYS_arch_prctl(4098, 0x7f7be6c78740, 0xffff808419386f30, 34)                   = 0
SYS_set_tid_address(0x7f7be6c78a10, 0x7f7be6c78740, 0x7f7be6ed60c8, 34)        = 6120
SYS_set_robust_list(0x7f7be6c78a20, 24, 0x7f7be6ed60c8, 34)                    = 0
SYS_334(0x7f7be6c79060, 32, 0, 0x53053053)                                     = 0
SYS_mprotect(0x7f7be6e7a000, 16384, 1)                                         = 0
SYS_mprotect(0x55fb85d1f000, 4096, 1)                                          = 0
SYS_mprotect(0x7f7be6ed3000, 8192, 1)                                          = 0
SYS_prlimit64(0, 3, 0, 0x7ffc1698db90)                                         = 0
SYS_munmap(0x7f7be6e8d000, 31151)                                              = 0
SYS_creat(0x55fb85d1e107, 438, 0x7f7be6e7e240, 0x55fb85d1e09c)                 = 3
SYS_close(3)                                                                   = 0
SYS_openat(0xffffff9c, 0x55fb85d1e107, 2, 0)                                   = 3
SYS_openat(0xffffff9c, 0x7ffc1698f8ec, 2, 0)                                   = 4
SYS_lseek(4, 2560, 0)                                                          = 0
SYS_read(4, "", 128)                                                           = 0
SYS_dup(2)                                                                     = 5
SYS_fcntl(5, 3, 128, 0)                                                        = 0x8402
SYS_318(0x7f7be6e85178, 8, 1, 0)                                               = 8
SYS_brk(0)                                                                     = 0x55fbaabec000
SYS_brk(0x55fbaac0d000)                                                        = 0x55fbaac0d000
SYS_fstat(5, 0x7ffc1698cf30)                                                   = 0
SYS_write(5, "floppy read: Success\n", 21)                                     = 21
SYS_close(5)                                                                   = 0
SYS_exit_group(1 <no return ...>
+++ exited (status 1) +++
